Sun 09:11: PROGRESS: MaxCompiler version: 2015.1.1 (simulation only)
Sun 09:11: PROGRESS: Build "CpuStream" start time: Sun Jun 05 09:11:05 PDT 2016
Sun 09:11: PROGRESS: Main build process running as user demo on host localhost.localdomain
Sun 09:11: INFO    : Loading build properties from bundled MaxCompiler_build.conf...
Sun 09:11: INFO    : No default external build property file has been specified.
Sun 09:11: INFO    : (Set environment variable MAXCOMPILER_DEFAULT_CONF_FILE to assign one)
Sun 09:11: INFO    : Loading user build properties from: /home/demo/.MaxCompiler_build_user.conf
Sun 09:11: INFO    : No user-specified external build property file has been specified.
Sun 09:11: INFO    : (Set environment variable MAXCOMPILER_BUILD_CONF_FILE to assign one)
Sun 09:11: INFO    : Loading additional parameters from MAXCOMPILER_BUILD_CONF environment variable
Sun 09:11: PROGRESS: Build location: /home/demo/Desktop/MaxCompiler-Builds/CpuStream_VECTIS_DFE_SIM
Sun 09:11: PROGRESS: Detailed build log available in "_build.log"
Sun 09:11: INFO    : Created build manager CpuStream (CpuStream_VECTIS_DFE_SIM Sun Jun 05 09:11:05 PDT 2016). (09:11:05 05/06/16)
Sun 09:11: INFO    : Working in dir: /home/demo/Desktop/MaxCompiler-Builds/CpuStream_VECTIS_DFE_SIM
Sun 09:11: INFO    : Java class path (2 paths):
Sun 09:11: INFO    : 	/home/demo/workspace/MovingAverage/EngineCode/bin
Sun 09:11: INFO    : 	/opt/maxeler/maxcompiler/lib/MaxCompiler.jar
Sun 09:11: INFO    : Java process started by 'main' method in class 'cpustream.CpuStreamManager'.
Sun 09:11: INFO    : build.arbitrated_core_cache parameter is blank, not using core-cache
Sun 09:11: INFO    : Checking license files in directory: /opt/maxeler/maxcompiler/licenses
Sun 09:11: INFO    : All license signatures valid.
Sun 09:11: INFO    : Backing-up source-files (old source files in build directory will be removed first)...
Sun 09:11: INFO    : Source directories: /home/demo/workspace/MovingAverage/EngineCode/src:
Sun 09:11: INFO    : Deleting directory: src
Sun 09:11: INFO    : Copying source-files took 43.3934 ms
Sun 09:11: PROGRESS: Instantiating manager
Sun 09:11: INFO    : Deleting /home/demo/Desktop/MaxCompiler-Builds/CpuStream_VECTIS_DFE_SIM/scratch/CpuStreamKernel.graphs
Sun 09:11: PROGRESS: Instantiating kernel "CpuStreamKernel"
Sun 09:11: PROGRESS: Compiling manager (CPU I/O Only)
Sun 09:11: INFO    : Manager Configuration:
Sun 09:11: INFO    : 	ManagerConfiguration.allowNonMultipleTransitions = false                                                         [Init: false]
Sun 09:11: INFO    : 	ManagerConfiguration.board = MAX3424A                                                                            [Init: null, init: MAX3424A]
Sun 09:11: INFO    : 	ManagerConfiguration.build.buildEffort = MEDIUM                                                                  [Init: MEDIUM]
Sun 09:11: INFO    : 	ManagerConfiguration.build.enableChipScopeInserter = false                                                       [Init: false]
Sun 09:11: INFO    : 	ManagerConfiguration.build.enableTimingAnalysis = true                                                           [Init: true]
Sun 09:11: INFO    : 	ManagerConfiguration.build.level = FULL_BUILD                                                                    [Init: FULL_BUILD]
Sun 09:11: INFO    : 	ManagerConfiguration.build.mpprContinueAfterMeetingTiming = false                                                [Init: false]
Sun 09:11: INFO    : 	ManagerConfiguration.build.mpprCtMax = 1                                                                         [Init: 1]
Sun 09:11: INFO    : 	ManagerConfiguration.build.mpprCtMin = 1                                                                         [Init: 1]
Sun 09:11: INFO    : 	ManagerConfiguration.build.mpprParallelism = 1                                                                   [Init: 1]
Sun 09:11: INFO    : 	ManagerConfiguration.build.mpprRetryMissesThrshld = 0                                                            [Init: 0]
Sun 09:11: INFO    : 	ManagerConfiguration.build.optGoal = BALANCED                                                                    [Init: BALANCED]
Sun 09:11: INFO    : 	ManagerConfiguration.build.physSynthAsyncPipelining = AUTO                                                       [Init: AUTO]
Sun 09:11: INFO    : 	ManagerConfiguration.build.physSynthCombLogic = AUTO                                                             [Init: AUTO]
Sun 09:11: INFO    : 	ManagerConfiguration.build.physSynthCombLogicForArea = AUTO                                                      [Init: AUTO]
Sun 09:11: INFO    : 	ManagerConfiguration.build.physSynthEffort = AUTO                                                                [Init: AUTO]
Sun 09:11: INFO    : 	ManagerConfiguration.build.physSynthRegDuplication = AUTO                                                        [Init: AUTO]
Sun 09:11: INFO    : 	ManagerConfiguration.build.physSynthRetiming = AUTO                                                              [Init: AUTO]
Sun 09:11: INFO    : 	ManagerConfiguration.build.physicalSynthesis = false                                                             [Init: false]
Sun 09:11: INFO    : 	ManagerConfiguration.buildTarget = DFE_SIM                                                                       [Init: null, init: DFE_SIM]
Sun 09:11: INFO    : 	ManagerConfiguration.debug.chipscopeCaptureDepth = 4096                                                          [Init: 4096]
Sun 09:11: INFO    : 	ManagerConfiguration.debug.fifoUnderOverFlowRegs = false                                                         [Init: false]
Sun 09:11: INFO    : 	ManagerConfiguration.debug.memCtlDebugRegs = true                                                                [Init: true]
Sun 09:11: INFO    : 	ManagerConfiguration.debug.memCtlExtraDebugRegs = false                                                          [Init: false]
Sun 09:11: INFO    : 	ManagerConfiguration.debug.memMarginingSupport = false                                                           [Init: false]
Sun 09:11: INFO    : 	ManagerConfiguration.debug.memPhyDebugRegister = NONE                                                            [Init: NONE]
Sun 09:11: INFO    : 	ManagerConfiguration.debug.memPllLockDebugRegs = true                                                            [Init: true]
Sun 09:11: INFO    : 	ManagerConfiguration.debug.streamStatus = false                                                                  [Init: false]
Sun 09:11: INFO    : 	ManagerConfiguration.debug.streamStatusChecksums = false                                                         [Init: false]
Sun 09:11: INFO    : 	ManagerConfiguration.dram.addressGeneratorsInSlowClock = false                                                   [Init: false]
Sun 09:11: INFO    : 	ManagerConfiguration.dram.arbitrationMode = ROUND_ROBIN                                                          [Init: ROUND_ROBIN]
Sun 09:11: INFO    : 	ManagerConfiguration.dram.burstSize = 8                                                                          [Init: 8]
Sun 09:11: INFO    : 	ManagerConfiguration.dram.cmdFifoInReg = false                                                                   [Init: false]
Sun 09:11: INFO    : 	ManagerConfiguration.dram.cmdFifoLutRam = false                                                                  [Init: false]
Sun 09:11: INFO    : 	ManagerConfiguration.dram.cmdFifoRegInRam = true                                                                 [Init: true]
Sun 09:11: INFO    : 	ManagerConfiguration.dram.cmdFifoSize = 31                                                                       [Init: 31]
Sun 09:11: INFO    : 	ManagerConfiguration.dram.commandEchoModeEnabled = false                                                         [Init: false]
Sun 09:11: INFO    : 	ManagerConfiguration.dram.commandEchoModeFifoDepth = 512                                                         [Init: 512]
Sun 09:11: INFO    : 	ManagerConfiguration.dram.commandEchoModeStreamAlmostEmptyLatency = 792                                          [Init: 792]
Sun 09:11: INFO    : 	ManagerConfiguration.dram.commandEchoModeStreamAlmostEmptyLatency = 8                                            [Init: 8]
Sun 09:11: INFO    : 	ManagerConfiguration.dram.commandEchoModeStreamStallLatency = 8                                                  [Init: 8]
Sun 09:11: INFO    : 	ManagerConfiguration.dram.dataFifoDepth = 512                                                                    [Init: 512]
Sun 09:11: INFO    : 	ManagerConfiguration.dram.dataFifoLutRam = false                                                                 [Init: false]
Sun 09:11: INFO    : 	ManagerConfiguration.dram.dataFifoWidth = 792                                                                    [Init: 792]
Sun 09:11: INFO    : 	ManagerConfiguration.dram.eccMode = false                                                                        [Init: false]
Sun 09:11: INFO    : 	ManagerConfiguration.dram.fabricDataFifoReg = true                                                               [Init: true]
Sun 09:11: INFO    : 	ManagerConfiguration.dram.fabricRdDataFifoReg = false                                                            [Init: false]
Sun 09:11: INFO    : 	ManagerConfiguration.dram.flagSupport = false                                                                    [Init: false]
Sun 09:11: INFO    : 	ManagerConfiguration.dram.highPrioStream = false                                                                 [Init: false]
Sun 09:11: INFO    : 	ManagerConfiguration.dram.max2CompatMode = false                                                                 [Init: false]
Sun 09:11: INFO    : 	ManagerConfiguration.dram.max4m_GALAVA_MCP_UseRefClk = false                                                     [Init: false]
Sun 09:11: INFO    : 	ManagerConfiguration.dram.max4m_MAIA_MCP_UseRefClk = false                                                       [Init: false]
Sun 09:11: INFO    : 	ManagerConfiguration.dram.max4qrateMode = false                                                                  [Init: false]
Sun 09:11: INFO    : 	ManagerConfiguration.dram.memCmdIncSize = 8                                                                      [Init: 8]
Sun 09:11: INFO    : 	ManagerConfiguration.dram.memCmdStartAddrSize = 32                                                               [Init: 32]
Sun 09:11: INFO    : 	ManagerConfiguration.dram.onCardMemFreq = 303.0                                                                  [Init: 0.0, change: 303.0]
Sun 09:11: INFO    : 	ManagerConfiguration.dram.parEccDebugStream = false                                                              [Init: false]
Sun 09:11: INFO    : 	ManagerConfiguration.dram.parityEccWidth = 0                                                                     [Init: 0]
Sun 09:11: INFO    : 	ManagerConfiguration.dram.parityMode = false                                                                     [Init: false]
Sun 09:11: INFO    : 	ManagerConfiguration.dram.perdqsPhaseDetect = false                                                              [Init: false]
Sun 09:11: INFO    : 	ManagerConfiguration.dram.performanceMode = true                                                                 [Init: true]
Sun 09:11: INFO    : 	ManagerConfiguration.enableMPCX = false                                                                          [Init: false, init: false]
Sun 09:11: INFO    : 	ManagerConfiguration.maxring.maxringConnections = []                                                             [Init: []]
Sun 09:11: INFO    : 	ManagerConfiguration.maxring.maxringNumLanes = {MAXRING_LITE_B=1, MAXRING_B=2, MAXRING_A=2, MAXRING_LITE_A=1}    [Init: {}]
Sun 09:11: INFO    : 	ManagerConfiguration.multiCycleMappedMemoryBus = false                                                           [Init: false]
Sun 09:11: INFO    : 	ManagerConfiguration.network.qsfp0Mode = QSFP_OFF                                                                [Init: QSFP_OFF]
Sun 09:11: INFO    : 	ManagerConfiguration.network.qsfp1Mode = QSFP_OFF                                                                [Init: QSFP_OFF]
Sun 09:11: INFO    : 	ManagerConfiguration.network.qsfp2Mode = QSFP_OFF                                                                [Init: QSFP_OFF]
Sun 09:11: INFO    : 	ManagerConfiguration.network.qsfp3Mode = QSFP_OFF                                                                [Init: QSFP_OFF]
Sun 09:11: INFO    : 	ManagerConfiguration.network.qsfp4Mode = QSFP_OFF                                                                [Init: QSFP_OFF]
Sun 09:11: INFO    : 	ManagerConfiguration.network.qsfp5Mode = QSFP_OFF                                                                [Init: QSFP_OFF]
Sun 09:11: INFO    : 	ManagerConfiguration.network.qsfp6Mode = QSFP_OFF                                                                [Init: QSFP_OFF]
Sun 09:11: INFO    : 	ManagerConfiguration.network.qsfp7Mode = QSFP_OFF                                                                [Init: QSFP_OFF]
Sun 09:11: INFO    : 	ManagerConfiguration.pcie.numPCIeLanes = 0                                                                       [Init: 0]
Sun 09:11: INFO    : 	ManagerConfiguration.pcie.pcieFastClock = false                                                                  [Init: false]
Sun 09:11: INFO    : 	ManagerConfiguration.pcie.streamFromHostMaxNum = 8                                                               [Init: 0, change: 8]
Sun 09:11: INFO    : 	ManagerConfiguration.pcie.streamToHostMaxNum = 8                                                                 [Init: 0, change: 8]
Sun 09:11: INFO    : 	ManagerConfiguration.persona.boardModel = MAX3424A                                                               [Init: null, change: MAX3424A]
Sun 09:11: INFO    : 	ManagerConfiguration.persona.ddr3Enable = false                                                                  [Init: false]
Sun 09:11: INFO    : 	ManagerConfiguration.persona.ddr3Frq = 303.0                                                                     [Init: 400.0, change: 303.0]
Sun 09:11: INFO    : 	ManagerConfiguration.persona.ddr3Qmode = false                                                                   [Init: false]
Sun 09:11: INFO    : 	ManagerConfiguration.persona.disableMultiplePersona = true                                                       [Init: true]
Sun 09:11: INFO    : 	ManagerConfiguration.persona.dynamic_scaling = false                                                             [Init: false]
Sun 09:11: INFO    : 	ManagerConfiguration.persona.enableCPLDOverrideOutpus = false                                                    [Init: false]
Sun 09:11: INFO    : 	ManagerConfiguration.persona.enableJDFEPTPTestLogic = false                                                      [Init: false]
Sun 09:11: INFO    : 	ManagerConfiguration.persona.maxRingLocal = false                                                                [Init: false]
Sun 09:11: INFO    : 	ManagerConfiguration.persona.maxRingOptical = false                                                              [Init: false]
Sun 09:11: INFO    : 	ManagerConfiguration.persona.maxringDataRate = 2500.0                                                            [Init: 2500.0]
Sun 09:11: INFO    : 	ManagerConfiguration.persona.maxringOpticalDataRate = 10000.0                                                    [Init: 10000.0]
Sun 09:11: INFO    : 	ManagerConfiguration.persona.mode = InitMode                                                                     [Init: InitMode]
Sun 09:11: INFO    : 	ManagerConfiguration.persona.networkPTP = OFF                                                                    [Init: OFF]
Sun 09:11: INFO    : 	ManagerConfiguration.persona.panMaxRingA = false                                                                 [Init: false]
Sun 09:11: INFO    : 	ManagerConfiguration.persona.panMaxRingB = false                                                                 [Init: false]
Sun 09:11: INFO    : 	ManagerConfiguration.persona.personaInterfaceVersion = 1                                                         [Init: 1]
Sun 09:11: INFO    : 	ManagerConfiguration.persona.qdr2Enable = false                                                                  [Init: false]
Sun 09:11: INFO    : 	ManagerConfiguration.persona.qdr2Frq = 550.0                                                                     [Init: 550.0]
Sun 09:11: INFO    : 	ManagerConfiguration.persona.streamClks = 1                                                                      [Init: 1]
Sun 09:11: INFO    : 	ManagerConfiguration.persona.streamFrq = [100.0]                                                                 [Init: [150.0], change: [100.0]]
Sun 09:11: INFO    : 	ManagerConfiguration.persona.streamPs = [0]                                                                      [Init: [0]]
Sun 09:11: INFO    : 	ManagerConfiguration.persona.usePCIeGen1 = false                                                                 [Init: false]
Sun 09:11: INFO    : 	ManagerConfiguration.simulation.nativeFloatingPoint = false                                                      [Init: false]
Sun 09:11: INFO    : 	ManagerConfiguration.streamClockFrq = 100                                                                        [Init: 100]
Sun 09:11: INFO    : 	ManagerConfiguration.useLegacyStreamFIFOs = false                                                                [Init: false]
Sun 09:11: INFO    : 
Sun 09:11: INFO    :  -- 
Sun 09:11: PROGRESS: 
Sun 09:11: PROGRESS: Compiling kernel "CpuStreamKernel"
Sun 09:11: INFO    : Configuration:
Sun 09:11: INFO    : 	KernelConfiguration.additionalInputPipelining = 64                                          [Init: 64]
Sun 09:11: INFO    : 	KernelConfiguration.allowDSPCascading = true                                                [Init: true]
Sun 09:11: INFO    : 	KernelConfiguration.allowInputsOutputsBeforeFlushNode = false                               [Init: false]
Sun 09:11: INFO    : 	KernelConfiguration.allowZeroLatencyNodeHold = false                                        [Init: false]
Sun 09:11: INFO    : 	KernelConfiguration.board = MAX3424A                                                        [Init: MAX2116B, change: MAX3424A]
Sun 09:11: INFO    : 	KernelConfiguration.bramBitsThreshold = 2080                                                [Init: 2080]
Sun 09:11: INFO    : 	KernelConfiguration.buildTarget = MAXCOMPILERSIM_HOST_DRIVEN                                [Init: NONE, change: MAXCOMPILERSIM_HOST_DRIVEN]
Sun 09:11: INFO    : 	KernelConfiguration.cePipelining = 2                                                        [Init: 2]
Sun 09:11: INFO    : 	KernelConfiguration.clockPhaseBalanceThreshold = 0.1                                        [Init: 0.1]
Sun 09:11: INFO    : 	KernelConfiguration.clockPhasingRetries = 50                                                [Init: 50]
Sun 09:11: INFO    : 	KernelConfiguration.dumpNeighboursString =                                                  [Init: ]
Sun 09:11: INFO    : 	KernelConfiguration.enableCeReplication = true                                              [Init: true]
Sun 09:11: INFO    : 	KernelConfiguration.enableClockPhasePartitioning = false                                    [Init: false]
Sun 09:11: INFO    : 	KernelConfiguration.enableDebugIOControlRegs = true                                         [Init: true]
Sun 09:11: INFO    : 	KernelConfiguration.enableDummyBuild = false                                                [Init: false]
Sun 09:11: INFO    : 	KernelConfiguration.enableKernelProfiler = false                                            [Init: false]
Sun 09:11: INFO    : 	KernelConfiguration.enablePipelinedComputeController = false                                [Init: false]
Sun 09:11: INFO    : 	KernelConfiguration.enableShadowRegister = false                                            [Init: false]
Sun 09:11: INFO    : 	KernelConfiguration.enableSmartKernelControl = false                                        [Init: false]
Sun 09:11: INFO    : 	KernelConfiguration.fifoSrlRegisterStages = 1                                               [Init: 1]
Sun 09:11: INFO    : 	KernelConfiguration.flushOnInputDataCongtiguous = false                                     [Init: false]
Sun 09:11: INFO    : 	KernelConfiguration.hardwareDebugDepth = 512                                                [Init: 512]
Sun 09:11: INFO    : 	KernelConfiguration.hwHierarchyMode = UNSET                                                 [Init: UNSET]
Sun 09:11: INFO    : 	KernelConfiguration.latencyAnnotation = false                                               [Init: false]
Sun 09:11: INFO    : 	KernelConfiguration.latencyAnnotationIOs =                                                  [Init: null]
Sun 09:11: INFO    : 	KernelConfiguration.maxCoalescedFifoWidth = 2147483647                                      [Init: 2147483647]
Sun 09:11: INFO    : 	KernelConfiguration.maxPreAdderFanOut = 1                                                   [Init: 1]
Sun 09:11: INFO    : 	KernelConfiguration.netlistMode = false                                                     [Init: false]
Sun 09:11: INFO    : 	KernelConfiguration.numPhotonStateMachines = 1                                              [Init: 1]
Sun 09:11: INFO    : 	KernelConfiguration.optimizations.ceCounterRegisterDuplication = 1                          [Init: 1]
Sun 09:11: INFO    : 	KernelConfiguration.optimizations.conditionalArithmetic = false                             [Init: true, Init after BuildTarget change: false]
Sun 09:11: INFO    : 	KernelConfiguration.optimizations.counterChainWrapPipelining = 0                            [Init: 0]
Sun 09:11: INFO    : 	KernelConfiguration.optimizations.dspAddChain = OPTIMISE_IGNORE_PREADDER                    [Init: null, Init after BuildTarget change: OPTIMISE_IGNORE_PREADDER]
Sun 09:11: INFO    : 	KernelConfiguration.optimizations.enableActiveFanoutReduction = false                       [Init: false]
Sun 09:11: INFO    : 	KernelConfiguration.optimizations.enableBUFGCE = false                                      [Init: false]
Sun 09:11: INFO    : 	KernelConfiguration.optimizations.enableBetterInputRegistering = false                      [Init: false]
Sun 09:11: INFO    : 	KernelConfiguration.optimizations.enableBetterRegistering = false                           [Init: false]
Sun 09:11: INFO    : 	KernelConfiguration.optimizations.enableFIFOCoalescingAcrossPlacementConstraints = false    [Init: false]
Sun 09:11: INFO    : 	KernelConfiguration.optimizations.enableFifoCoalescing = true                               [Init: true]
Sun 09:11: INFO    : 	KernelConfiguration.optimizations.enableFullPrecisionBinaryOpConstants = false              [Init: false]
Sun 09:11: INFO    : 	KernelConfiguration.optimizations.enableIntegratedRounding = false                          [Init: false]
Sun 09:11: INFO    : 	KernelConfiguration.optimizations.enableMappedMemoryHostReadBack = true                     [Init: true]
Sun 09:11: INFO    : 	KernelConfiguration.optimizations.enableMultiCycleReset = false                             [Init: false]
Sun 09:11: INFO    : 	KernelConfiguration.optimizations.enablePowerTwoFloatMult = true                            [Init: true]
Sun 09:11: INFO    : 	KernelConfiguration.optimizations.enableRedundantNodeDeletion = true                        [Init: true]
Sun 09:11: INFO    : 	KernelConfiguration.optimizations.enableStateMachineRegisterMerging = true                  [Init: true]
Sun 09:11: INFO    : 	KernelConfiguration.optimizations.inputFlushDistanceFactor = 0                              [Init: 0]
Sun 09:11: INFO    : 	KernelConfiguration.optimizations.minimumStaticFIFOSplitDepth = 1                           [Init: 1]
Sun 09:11: INFO    : 	KernelConfiguration.optimizations.optimizationTechnique = DEFAULT                           [Init: DEFAULT]
Sun 09:11: INFO    : 	KernelConfiguration.optimizations.triAdd = false                                            [Init: true, Init after BuildTarget change: false]
Sun 09:11: INFO    : 	KernelConfiguration.partialReconfBlockName =                                                [Init: ]
Sun 09:11: INFO    : 	KernelConfiguration.partialReconfMode = false                                               [Init: false]
Sun 09:11: INFO    : 	KernelConfiguration.partialReconfTemplate = false                                           [Init: false]
Sun 09:11: INFO    : 	KernelConfiguration.replicateNodeCeLog2NumPartitions = 0                                    [Init: 0]
Sun 09:11: INFO    : 	KernelConfiguration.romBRAMBitsThreshold = 2080                                             [Init: 2080]
Sun 09:11: INFO    : 	KernelConfiguration.simulation.ramAddressCollisionBehaviour = EXCEPTION                     [Init: EXCEPTION]
Sun 09:11: INFO    : 	KernelConfiguration.simulation.ramOutOfBoundsAccessBehaviour = EXCEPTION                    [Init: EXCEPTION]
Sun 09:11: INFO    : 	KernelConfiguration.simulation.simProgressMessageFrequency = 0                              [Init: 0]
Sun 09:11: INFO    : 
Sun 09:11: INFO    :  -- 
Sun 09:11: INFO    : Writing current graph to: CpuStream-CpuStreamKernel-original.pxg
Sun 09:11: INFO    : Running kernel graph-pass 'GeneratePXG'.
Sun 09:11: INFO    : Graph-pass 'GeneratePXG' took 194.884 ms (1 iterations)
Sun 09:11: INFO    : Running kernel graph-pass 'MarkConstantPass'.
Sun 09:11: INFO    : Graph-pass 'MarkConstantPass' took 1.27352 ms (1 iterations)
Sun 09:11: INFO    : Running kernel graph-pass 'ReachabilityPass'.
Sun 09:11: INFO    : Graph-pass 'ReachabilityPass' took 1.27109 ms (1 iterations)
Sun 09:11: INFO    : Running kernel graph-pass 'FindInputsLeadingToFlush'.
Sun 09:11: INFO    : Graph-pass 'FindInputsLeadingToFlush' took 102.934 µs (1 iterations)
Sun 09:11: INFO    : Running kernel graph-pass 'CheckForStatefulToFlushViolations'.
Sun 09:11: INFO    : Graph-pass 'CheckForStatefulToFlushViolations' took 192.284 µs (1 iterations)
Sun 09:11: INFO    : Running kernel graph-pass 'CheckForInputToFlushViolations'.
Sun 09:11: INFO    : Graph-pass 'CheckForInputToFlushViolations' took 595.413 µs (1 iterations)
Sun 09:11: INFO    : Deleting directory: neighbours
Sun 09:11: INFO    : Running Photon pre-schedule graph optimisations
Sun 09:11: INFO    : Running kernel graph-pass 'AlignOrEradicatePrintfs'.
Sun 09:11: INFO    : Graph-pass 'AlignOrEradicatePrintfs' took 54.6100 µs (1 iterations)
Sun 09:11: INFO    : Running kernel graph-pass 'FoldConstantsPass'.
Sun 09:11: INFO    : Graph-pass 'FoldConstantsPass' took 2.01796 ms (1 iterations)
Sun 09:11: INFO    : Running kernel graph-pass 'OptimiseNodesPass'.
Sun 09:11: INFO    : Graph-pass 'OptimiseNodesPass' took 6.69127 ms (2 iterations)
Sun 09:11: INFO    : Running kernel graph-pass 'DeleteRedundantNodes'.
Sun 09:11: INFO    : Graph-pass 'DeleteRedundantNodes' took 123.387 µs (1 iterations)
Sun 09:11: INFO    : Running kernel graph-pass 'DSPMultiplyAddExtractionPass'.
Sun 09:11: INFO    : Optimized 0 sub-graphs into DSP multiply/add chains (Virtex5 mode).
Sun 09:11: INFO    : Graph-pass 'DSPMultiplyAddExtractionPass' took 5.83439 ms (1 iterations)
Sun 09:11: INFO    : Running kernel graph-pass 'PO2FPMultOptimiser'.
Sun 09:11: INFO    : Graph-pass 'PO2FPMultOptimiser' took 103.897 µs (1 iterations)
Sun 09:11: INFO    : Running Photon simulation preparation
Sun 09:11: INFO    : Running kernel graph-pass 'PrepareSimulationPass'.
Sun 09:11: INFO    : Graph-pass 'PrepareSimulationPass' took 49.5200 µs (1 iterations)
Sun 09:11: INFO    : Logging Photon stats to: CpuStreamKernel_photon_stats.csv
Sun 09:11: INFO    : Deleting /home/demo/Desktop/MaxCompiler-Builds/CpuStream_VECTIS_DFE_SIM/scratch/CpuStreamKernel_photon_stats.csv
Sun 09:11: INFO    : Running kernel graph-pass 'StatsPass'.
Sun 09:11: INFO    : Graph-pass 'StatsPass' took 933.548 µs (1 iterations)
Sun 09:11: INFO    : Running kernel graph-pass 'CollectNumericExceptions'.
Sun 09:11: INFO    : Graph-pass 'CollectNumericExceptions' took 50.0030 µs (1 iterations)
Sun 09:11: INFO    : Running kernel graph-pass 'StreamOffsetDivExpand'.
Sun 09:11: INFO    : Graph-pass 'StreamOffsetDivExpand' took 72.4850 µs (1 iterations)
Sun 09:11: INFO    : Running kernel graph-pass 'FindIllegalLoops'.
Sun 09:11: INFO    : Graph-pass 'FindIllegalLoops' took 395.092 µs (1 iterations)
Sun 09:11: INFO    : Running kernel graph-pass 'MarkConstantPass'.
Sun 09:11: INFO    : Graph-pass 'MarkConstantPass' took 74.9000 µs (1 iterations)
Sun 09:11: INFO    : Running kernel graph-pass 'ScheduleVariables'.
Sun 09:11: INFO    : Graph-pass 'ScheduleVariables' took 2.49291 ms (1 iterations)
Sun 09:11: INFO    : Running kernel graph-pass 'SubstituteEqPlaceholders'.
Sun 09:11: INFO    : Graph-pass 'SubstituteEqPlaceholders' took 126.167 µs (1 iterations)
Sun 09:11: INFO    : Running kernel graph-pass 'ScheduleApplier'.
Sun 09:11: INFO    : Graph-pass 'ScheduleApplier' took 617.722 µs (1 iterations)
Sun 09:11: INFO    : Running kernel graph-pass 'MarkConstantPass'.
Sun 09:11: INFO    : Graph-pass 'MarkConstantPass' took 78.1390 µs (1 iterations)
Sun 09:11: INFO    : Running kernel graph-pass 'ScheduleDumper'.
Sun 09:11: INFO    : Graph-pass 'ScheduleDumper' took 818.035 µs (1 iterations)
Sun 09:11: INFO    : Running Photon post-schedule graph optimisations (pass 1)
Sun 09:11: INFO    : Running kernel graph-pass 'TapFIFOsPass'.
Sun 09:11: INFO    : Graph-pass 'TapFIFOsPass' took 339.319 µs (1 iterations)
Sun 09:11: INFO    : Running kernel graph-pass 'FoldFIFOsPass'.
Sun 09:11: INFO    : Graph-pass 'FoldFIFOsPass' took 155.769 µs (1 iterations)
Sun 09:11: INFO    : Running kernel graph-pass 'MarkConstantPass'.
Sun 09:11: INFO    : Graph-pass 'MarkConstantPass' took 83.0540 µs (1 iterations)
Sun 09:11: INFO    : Running kernel graph-pass 'ValidateFIFOs'.
Sun 09:11: INFO    : Graph-pass 'ValidateFIFOs' took 86.2400 µs (1 iterations)
Sun 09:11: INFO    : Running kernel graph-pass 'MarkConstantPass'.
Sun 09:11: INFO    : Graph-pass 'MarkConstantPass' took 115.611 µs (1 iterations)
Sun 09:11: INFO    : Running kernel graph-pass 'ScheduleDumper'.
Sun 09:11: INFO    : Graph-pass 'ScheduleDumper' took 662.281 µs (1 iterations)
Sun 09:11: INFO    : Running kernel graph-pass 'MarkConstantPass'.
Sun 09:11: INFO    : Graph-pass 'MarkConstantPass' took 80.4390 µs (1 iterations)
Sun 09:11: INFO    : Running kernel graph-pass 'ScheduleConstants'.
Sun 09:11: INFO    : Running command: "/opt/maxeler/maxcompiler/bin/cbc" "CpuStreamKernel_schedule_C.mps.gz" -solve  -printi csv -solu "CpuStreamKernel_schedule_C.csv" > "CpuStreamKernel_schedule_C.stdout.log"
Sun 09:11: INFO    : Checking for file hash changes...
Sun 09:11: INFO    : No changes.
Sun 09:11: INFO    : Optimum found: 471
Sun 09:11: INFO    : Graph-pass 'ScheduleConstants' took 70.7373 ms (1 iterations)
Sun 09:11: INFO    : Running kernel graph-pass 'MarkConstantPass'.
Sun 09:11: INFO    : Graph-pass 'MarkConstantPass' took 109.490 µs (1 iterations)
Sun 09:11: INFO    : Running kernel graph-pass 'ScheduleDumper'.
Sun 09:11: INFO    : Graph-pass 'ScheduleDumper' took 773.496 µs (1 iterations)
Sun 09:11: INFO    : Running kernel graph-pass 'SubstituteEqPlaceholders'.
Sun 09:11: INFO    : Graph-pass 'SubstituteEqPlaceholders' took 96.8470 µs (1 iterations)
Sun 09:11: INFO    : Running kernel graph-pass 'RemoveDistMeasurementNodes'.
Sun 09:11: INFO    : Graph-pass 'RemoveDistMeasurementNodes' took 12.5410 µs (1 iterations)
Sun 09:11: INFO    : Running kernel graph-pass 'ScheduleApplier'.
Sun 09:11: INFO    : Graph-pass 'ScheduleApplier' took 21.7986 ms (1 iterations)
Sun 09:11: INFO    : Maximum stream latency for kernel 'CpuStreamKernel': 63
Sun 09:11: INFO    : Using user logic for flush.
Sun 09:11: INFO    : Running Photon post-schedule graph optimisations (pass 2)
Sun 09:11: INFO    : Running kernel graph-pass 'TapFIFOsPass'.
Sun 09:11: INFO    : Graph-pass 'TapFIFOsPass' took 20.8894 ms (2 iterations)
Sun 09:11: INFO    : Running kernel graph-pass 'FoldFIFOsPass'.
Sun 09:11: INFO    : Graph-pass 'FoldFIFOsPass' took 199.265 µs (1 iterations)
Sun 09:11: INFO    : Running kernel graph-pass 'MarkConstantPass'.
Sun 09:11: INFO    : Graph-pass 'MarkConstantPass' took 90.6550 µs (1 iterations)
Sun 09:11: INFO    : Running kernel graph-pass 'ScheduleAsserter'.
Sun 09:11: INFO    : Graph-pass 'ScheduleAsserter' took 294.138 µs (1 iterations)
Sun 09:11: INFO    : Running kernel graph-pass 'ReplaceEvalStreamOffsetNodes'.
Sun 09:11: INFO    : Graph-pass 'ReplaceEvalStreamOffsetNodes' took 41.5950 µs (1 iterations)
Sun 09:11: INFO    : Running kernel graph-pass 'FIFOReport'.
Sun 09:11: INFO    : Graph-pass 'FIFOReport' took 1.08766 ms (1 iterations)
Sun 09:11: INFO    : Running kernel graph-pass 'StatsPass'.
Sun 09:11: INFO    : Graph-pass 'StatsPass' took 514.179 µs (1 iterations)
Sun 09:11: INFO    : Running kernel graph-pass 'RemoveUntypedConstants'.
Sun 09:11: INFO    : Graph-pass 'RemoveUntypedConstants' took 36.3066 ms (1 iterations)
Sun 09:11: INFO    : Running kernel graph-pass 'VariableSizeMappedRegInserter'.
Sun 09:11: INFO    : Graph-pass 'VariableSizeMappedRegInserter' took 59.5710 µs (1 iterations)
Sun 09:11: INFO    : Running kernel graph-pass 'MarkConstantPass'.
Sun 09:11: INFO    : Graph-pass 'MarkConstantPass' took 106.665 µs (1 iterations)
Sun 09:11: INFO    : Running kernel graph-pass 'MakeMaxFileNodeData'.
Sun 09:11: INFO    : Graph-pass 'MakeMaxFileNodeData' took 1.90644 ms (1 iterations)
Sun 09:11: INFO    : Running kernel graph-pass 'MoveFanoutRegsForwards'.
Sun 09:11: INFO    : Graph-pass 'MoveFanoutRegsForwards' took 48.0470 µs (1 iterations)
Sun 09:11: INFO    : Optimization report for Kernel 'CpuStreamKernel'.
Sun 09:11: INFO    : Enabled optimizations:
Sun 09:11: INFO    : 	DSP-Multiplication
Sun 09:11: INFO    : 	Power-of-2 Floating Point
Sun 09:11: INFO    : Creating a preliminary MaxCompilerDesignData.dat. (@ CoreCompile CpuStreamKernel)
Sun 09:11: INFO    : Deleting /home/demo/Desktop/MaxCompiler-Builds/CpuStream_VECTIS_DFE_SIM/scratch/MaxCompilerDesignData.dat
Sun 09:11: INFO    : Total compilation of 'CpuStreamKernel' took 582.441 ms.
Sun 09:11: INFO    : Running kernel graph-pass 'MarkConstantPass'.
Sun 09:11: INFO    : Graph-pass 'MarkConstantPass' took 100.244 µs (1 iterations)
Sun 09:11: INFO    : Running kernel graph-pass 'MaxConstantLatency'.
Sun 09:11: INFO    : Graph-pass 'MaxConstantLatency' took 304.451 µs (1 iterations)
Sun 09:11: INFO    : Running kernel graph-pass 'SimCodeGraphPass'.
Sun 09:11: INFO    : Graph-pass 'SimCodeGraphPass' took 12.0300 ms (1 iterations)
Sun 09:11: INFO    : Writing current graph to: CpuStream-CpuStreamKernel-final-simulation.pxg
Sun 09:11: INFO    : Running kernel graph-pass 'GeneratePXG'.
Sun 09:11: INFO    : Graph-pass 'GeneratePXG' took 58.8499 ms (1 iterations)
Sun 09:11: INFO    : Deleting /home/demo/Desktop/MaxCompiler-Builds/CpuStream_VECTIS_DFE_SIM/scratch/Manager_CpuStream.graphs
Sun 09:11: INFO    : Running manager compiler graph-pass: GenerateMXGInfo
Sun 09:11: INFO    : Running manager compiler graph-pass: ScheduleStallLatency
Sun 09:11: INFO    : Running manager compiler graph-pass: ClockWidthAssignment
Sun 09:11: INFO    : Running manager compiler graph-pass: InsertDualAspectLogic
Sun 09:11: INFO    : Running manager compiler graph-pass: ClockWidthAssignment
Sun 09:11: INFO    : Running manager compiler graph-pass: InsertPullPushAdapter
Sun 09:11: INFO    : Running manager compiler graph-pass: ClockWidthAssignment
Sun 09:11: INFO    : Running manager compiler graph-pass: InsertStreamFifos
Sun 09:11: INFO    : Running manager compiler graph-pass: ClockWidthAssignment
Sun 09:11: INFO    : Running manager compiler graph-pass: InsertStreamStatus
Sun 09:11: INFO    : Running manager compiler graph-pass: InsertChipscope
Sun 09:11: INFO    : Inserted 0 chipscope manager nodes.
Sun 09:11: INFO    : Running manager compiler graph-pass: ClockWidthAssignment
Sun 09:11: INFO    : Running manager compiler graph-pass: ReportClockAssignments
Sun 09:11: INFO    : Running manager compiler graph-pass: BuildSoftwareSim
Sun 09:11: INFO    : Mapped register report:
Sun 09:11: INFO    : 	0	io_x_force_disabled	1bytes
Sun 09:11: INFO    : 	1	N	8bytes
Sun 09:11: INFO    : 	9	io_z_force_disabled	1bytes
Sun 09:11: INFO    : 	a	run_cycle_count	6bytes
Sun 09:11: INFO    : 	10	current_run_cycle_count	6bytes
Sun 09:11: INFO    : 	16	dbg_ctld_almost_empty	1bytes
Sun 09:11: INFO    : 	17	dbg_ctld_done	1bytes
Sun 09:11: INFO    : 	18	dbg_ctld_empty	1bytes
Sun 09:11: INFO    : 	19	dbg_ctld_read	1bytes
Sun 09:11: INFO    : 	1a	dbg_ctld_read_pipe_dbg	1bytes
Sun 09:11: INFO    : 	1b	dbg_ctld_request	1bytes
Sun 09:11: INFO    : 	1c	dbg_done_out	1bytes
Sun 09:11: INFO    : 	1d	dbg_fill_level	1bytes
Sun 09:11: INFO    : 	1e	dbg_flush_level	1bytes
Sun 09:11: INFO    : 	1f	dbg_flush_start	1bytes
Sun 09:11: INFO    : 	20	dbg_flush_start_level	1bytes
Sun 09:11: INFO    : 	21	dbg_flushing	1bytes
Sun 09:11: INFO    : 	22	dbg_full_level	1bytes
Sun 09:11: INFO    : 	23	dbg_out_stall	1bytes
Sun 09:11: INFO    : 	24	dbg_out_valid	1bytes
Sun 09:11: INFO    : 	25	dbg_stall_vector	1bytes
Sun 09:11: INFO    : 	26	ifpga_ctrl	1bytes
Sun 09:11: INFO    : 	27	SFA_FORWARD_EN	4bytes
Sun 09:11: INFO    : Mapped register chain length = 43
Sun 09:11: INFO    : Mapped register efficiency = 0.70 (240 / 344 bits)
Sun 09:11: INFO    : Mapped memory report:
Sun 09:11: INFO    : 	No mapped memories in this design.
Sun 09:11: INFO    : Running manager compiler graph-pass: GenerateMXGInfo
Sun 09:11: INFO    : Running manager compiler graph-pass: GenerateSlicHostCode
Sun 09:11: INFO    : Generating SLIC interface information
Sun 09:11: INFO    : Generating SLIC code for interface 'default'
Sun 09:11: INFO    : Skipping blacklisted scalar parameter 'CpuStreamKernel.current_run_cycle_count'
Sun 09:11: INFO    : Interface 'default' depends on parameter 'N'
Sun 09:11: INFO    : Generating XML description for Maxfile
Sun 09:11: INFO    : Generating XML description for mode 'default'
Sun 09:11: INFO    : Skipping blacklisted scalar parameter 'CpuStreamKernel.current_run_cycle_count'
Sun 09:11: INFO    : Interface 'default' depends on parameter 'N'
Sun 09:11: INFO    : Adding SLIC sections to the maxfile
Sun 09:11: INFO    : Adding user files to the maxfile
Sun 09:11: INFO    : Generating SLIC include file
Sun 09:11: INFO    : Done generating SLIC interface information
Sun 09:11: PROGRESS: Running back-end simulation build (3 phases)
Sun 09:11: PROGRESS: (1/3) - Prepare MaxFile Data (GenerateMaxFileDataFile)
Sun 09:11: INFO    : Build pass 'GenerateMaxFileDataFile' took 47.5352 ms.
Sun 09:11: PROGRESS: (2/3) - Compile Simulation Modules (SimCompilePass)
Sun 09:11: INFO    : Running command: make -j1
Sun 09:11: INFO    : Checking for file hash changes...
Sun 09:11: INFO    : Hash changed for file: '../../MaxCompilerDesignData.dat'
Sun 09:11: INFO    : /opt/maxeler/maxcompiler/lib/clang/bin/start.sh clang++ -c -fPIC -B/opt/maxeler/maxcompiler/lib/gcc -fbracket-depth=1024 -D_GLIBCXX__PTHREADS -D__USE_XOPEN2K8 -O3  -I. -I/opt/maxeler/maxcompiler/lib/boost/include -I/opt/maxeler/maxcompiler/lib/maxeleros-sim/include -I/opt/maxeler/maxcompiler/lib/lwip_sim -I/opt/maxeler/maxcompiler/lib/lwip_sim/include -I/opt/maxeler/maxcompiler/lib/lwip_sim/include/arch -I/opt/maxeler/maxcompiler/lib/lwip_sim/include/ipv4  -DHAVE_KERNELS -DMAXFILE_INC="../../MaxCompilerDesignData.dat" -g0  -DSLIC_NO_DECLARATIONS   -O0 -DOPTIMIZATION_LEVEL=0 -x c++-header \
Sun 09:11: INFO    : 		-o stdsimheader.h.gch/O0_stdsimheader.h.gch stdsimheader.h
Sun 09:11: INFO    : /opt/maxeler/maxcompiler/lib/clang/bin/start.sh clang++ -c -fPIC -B/opt/maxeler/maxcompiler/lib/gcc -fbracket-depth=1024 -D_GLIBCXX__PTHREADS -D__USE_XOPEN2K8 -O3  -I. -I/opt/maxeler/maxcompiler/lib/boost/include -I/opt/maxeler/maxcompiler/lib/maxeleros-sim/include -I/opt/maxeler/maxcompiler/lib/lwip_sim -I/opt/maxeler/maxcompiler/lib/lwip_sim/include -I/opt/maxeler/maxcompiler/lib/lwip_sim/include/arch -I/opt/maxeler/maxcompiler/lib/lwip_sim/include/ipv4  -DHAVE_KERNELS -DMAXFILE_INC="../../MaxCompilerDesignData.dat" -g0  -DSLIC_NO_DECLARATIONS   -fno-implicit-templates -O2 -DOPTIMIZATION_LEVEL=2 -x c++-header \
Sun 09:11: INFO    : 		-o stdsimheader.h.gch/NoTplInst_O2_stdsimheader.h.gch stdsimheader.h
Sun 09:11: INFO    : make CpuStream.so
Sun 09:11: INFO    : make[1]: Entering directory `/home/demo/Desktop/MaxCompiler-Builds/CpuStream_VECTIS_DFE_SIM/scratch/software-sim/build'
Sun 09:11: INFO    : /opt/maxeler/maxcompiler/lib/clang/bin/start.sh clang++ -c -fPIC -B/opt/maxeler/maxcompiler/lib/gcc -fbracket-depth=1024 -D_GLIBCXX__PTHREADS -D__USE_XOPEN2K8 -O3  -I. -I/opt/maxeler/maxcompiler/lib/boost/include -I/opt/maxeler/maxcompiler/lib/maxeleros-sim/include -I/opt/maxeler/maxcompiler/lib/lwip_sim -I/opt/maxeler/maxcompiler/lib/lwip_sim/include -I/opt/maxeler/maxcompiler/lib/lwip_sim/include/arch -I/opt/maxeler/maxcompiler/lib/lwip_sim/include/ipv4  -DHAVE_KERNELS -DMAXFILE_INC="../../MaxCompilerDesignData.dat" -g0  -DSLIC_NO_DECLARATIONS   -include-pch stdsimheader.h.gch -O0 -DOPTIMIZATION_LEVEL=0 -o objdir/max_msi.O0.o max_msi.cpp
Sun 09:11: INFO    : In file included from max_msi.cpp:19:
Sun 09:11: INFO    : /home/demo/Desktop/MaxCompiler-Builds/CpuStream_VECTIS_DFE_SIM/scratch/software-sim/build/MaxFile.h:4:9: warning: '_QUOTE' macro redefined [-Wmacro-redefined]
Sun 09:11: INFO    : #define _QUOTE(what) #what
Sun 09:11: INFO    :         ^
Sun 09:11: INFO    : /opt/maxeler/maxcompiler/lib/maxeleros-sim/include/maxrt_error.h:87:9: note: previous definition is here
Sun 09:11: INFO    : #define _QUOTE(x) #x
Sun 09:11: INFO    :         ^
Sun 09:11: INFO    : 1 warning generated.
Sun 09:11: INFO    : /opt/maxeler/maxcompiler/lib/clang/bin/start.sh clang++ -fPIC -B/opt/maxeler/maxcompiler/lib/gcc -fbracket-depth=1024 -D_GLIBCXX__PTHREADS -D__USE_XOPEN2K8 -O3  -I. -I/opt/maxeler/maxcompiler/lib/boost/include -I/opt/maxeler/maxcompiler/lib/maxeleros-sim/include -I/opt/maxeler/maxcompiler/lib/lwip_sim -I/opt/maxeler/maxcompiler/lib/lwip_sim/include -I/opt/maxeler/maxcompiler/lib/lwip_sim/include/arch -I/opt/maxeler/maxcompiler/lib/lwip_sim/include/ipv4  -DHAVE_KERNELS -DMAXFILE_INC="../../MaxCompilerDesignData.dat" -g0  -DSLIC_NO_DECLARATIONS   -MM -MP -MT objdir/max_msi.O0.o \
Sun 09:11: INFO    : 		max_msi.cpp > objdir/max_msi.O0.d
Sun 09:11: INFO    : /opt/maxeler/maxcompiler/lib/clang/bin/start.sh clang++ -fPIC -shared -B/opt/maxeler/maxcompiler/lib/gcc -L/opt/maxeler/maxcompiler/lib/boost/lib -lboost_thread -lboost_system -lboost_filesystem -lrt -pthread -O2 -s  -o CpuStream.so objdir/CpuStreamKernel_exec0.NoTplInst.O2.o objdir/CpuStreamKernel.O0.o objdir/CpuStreamKernel_Templates.O2.o objdir/max_msi.O0.o StructToGroupDummy.o Mux.o DualAspectMux.o Demux.o Fanout.o CapRegs.o IFPGARegs.o ChecksumMem.o PCIe.o KernelManagerBlockSync.o DualAspectReg.o PullPushAdapter.o FilePullSource.o max_shared_fifo.o SharedFIFO.o Fifos.o FilePushSink.o SimTerminator.o Watch.o StreamStatus.o RunLengthExpander.o ManagerBlock.o MappedElements.o ManagerSync.o PullSync.o PushSync.o DynamicVarUInt.o SimException.o DebugStreams.o AddressGenerator.o MemoryControllerPro.o MemoryControllerRAM.o MemoryControllerCommand.o MemoryControllerStreams.o MemoryControllerConfig.o TCP.o Ethernet.o Timestamp.o /opt/maxeler/maxcompiler/lib/lwip_sim/lib/liblwip.a
Sun 09:11: INFO    : make[1]: Leaving directory `/home/demo/Desktop/MaxCompiler-Builds/CpuStream_VECTIS_DFE_SIM/scratch/software-sim/build'
Sun 09:11: INFO    : Build pass 'SimCompilePass' took 13.7576 s.
Sun 09:11: PROGRESS: (3/3) - Generate MaxFile (AddSimObjectToMaxFilePass)
Sun 09:11: INFO    : Build pass 'AddSimObjectToMaxFilePass' took 374.586 ms.
Sun 09:11: INFO    : Final result files after build: 
Sun 09:11: INFO    : Running command: ln -sf "../scratch/CpuStream-CpuStreamKernel-original.pxg"
Sun 09:11: INFO    : CpuStream-CpuStreamKernel-original.pxg (BuildFilePXG)
Sun 09:11: INFO    : Running command: ln -sf "../scratch/CpuStreamKernel_Configuration.txt"
Sun 09:11: INFO    : CpuStreamKernel_Configuration.txt (BuildFile)
Sun 09:11: INFO    : Running command: ln -sf "../scratch/CpuStreamKernel_NodeDiary.txt"
Sun 09:11: INFO    : CpuStreamKernel_NodeDiary.txt (BuildFile)
Sun 09:11: INFO    : Running command: ln -sf "../scratch/CpuStream-CpuStreamKernel-final-simulation.pxg"
Sun 09:11: INFO    : CpuStream-CpuStreamKernel-final-simulation.pxg (BuildFilePXG)
Sun 09:11: INFO    : Running command: ln -sf "../scratch/CpuStream.xml"
Sun 09:11: INFO    : CpuStream.xml (BuildFile)
Sun 09:11: INFO    : Running command: ln -sf "../scratch/CpuStream.h"
Sun 09:11: INFO    : CpuStream.h (BuildFileSlicH)
Sun 09:11: INFO    : Running command: ln -sf "../scratch/CpuStream.max"
Sun 09:11: INFO    : CpuStream.max (BuildFileMaxFile)
Sun 09:11: INFO    : Result files will be copied to '/home/demo/workspace/MovingAverage/RunRules/Simulation/maxfiles'
Sun 09:11: INFO    : Result 'CpuStream-CpuStreamKernel-original.pxg' is identical to '/home/demo/workspace/MovingAverage/RunRules/Simulation/maxfiles/CpuStream-CpuStreamKernel-original.pxg': not overwriting.
Sun 09:11: INFO    : Result 'CpuStream-CpuStreamKernel-final-simulation.pxg' is identical to '/home/demo/workspace/MovingAverage/RunRules/Simulation/maxfiles/CpuStream-CpuStreamKernel-final-simulation.pxg': not overwriting.
Sun 09:11: INFO    : Result 'CpuStream.h' is identical to '/home/demo/workspace/MovingAverage/RunRules/Simulation/maxfiles/CpuStream.h': not overwriting.
Sun 09:11: INFO    : Result 'CpuStream.max' is identical to '/home/demo/workspace/MovingAverage/RunRules/Simulation/maxfiles/CpuStream.max': not overwriting.
Sun 09:11: PROGRESS: MaxFile: /home/demo/Desktop/MaxCompiler-Builds/CpuStream_VECTIS_DFE_SIM/results/CpuStream.max (MD5Sum: f67602d40780f0f52b7b2961b1774018)
Sun 09:11: INFO    : Waiting for any outstanding jobs to finish... 
Sun 09:11: PROGRESS: Build completed: Sun Jun 05 09:11:22 PDT 2016 (took 16 secs)
