Mon 07:26: ########################################## 
Mon 07:26: Compiling.
Mon 07:26: ########################################## 

Mon 07:26: MaxCompiler version: 2015.1.1 (simulation only).
Mon 07:26: Build Simulation run rule for HelloWorld start time: Mon Apr 25 07:26:38 PDT 2016.
Mon 07:26: Project location: /home/demo/workspace/HelloWorld.
Mon 07:26: Detailed build log: /home/demo/workspace/HelloWorld/RunRules/Simulation/build.log.

Mon 07:26: Compiling Engine Code.
Mon 07:26: Engine building skipped (no changes on .max files).
Mon 07:26: Compiling CPU Code.
Mon 07:26: Run CPU project make files updating
Mon 07:26: Executing command:
Mon 07:26: java -jar /opt/maxeler/maxcompiler/lib/MaxIDE/projectAdmin.jar -u /home/demo/workspace/HelloWorld Simulation 
Mon 07:26: Command output:

Mon 07:26: MaxCompiler Project Admin Tool Version 2015.1.10001
Mon 07:26:  Copyright Maxeler Technologies 2010 - 2015. All rights reserved.

Mon 07:26: Handler version 2
Mon 07:26: Updating RunRule dependent Makefiles for RunRule 'Simulation'
Mon 07:26: 	Updating: Simulation
Mon 07:26: Found makefiles: 1
Mon 07:26: 	Updated: Simulation
Mon 07:26: Run CPU make.
Mon 07:26: make RUNRULE=Simulation 
Mon 07:26: Command output:
Mon 07:26: make -f Makefile.rules build
Mon 07:26: make[1]: Entering directory `/home/demo/workspace/HelloWorld/CPUCode'
Mon 07:26: set -e; rm -f ../RunRules/Simulation/objects/c/CpuStreamCpuCode.d ;                                                             \
Mon 07:26: 	  cc -M -std=gnu99 -g -O3 -Wall -Wextra -I../RunRules/Simulation/include  -I '/opt/maxeler/maxcompiler/include/slic'  -Wno-error CpuStreamCpuCode.c > ../RunRules/Simulation/objects/c/CpuStreamCpuCode.d.$$ ;                                 \
Mon 07:26:       sed 's,\(CpuStreamCpuCode\)\.o[ :]*,../RunRules/Simulation/objects/c/\1.o ../RunRules/Simulation/objects/c/CpuStreamCpuCode.d : ,g' < ../RunRules/Simulation/objects/c/CpuStreamCpuCode.d.$$ > ../RunRules/Simulation/objects/c/CpuStreamCpuCode.d; \
Mon 07:26:       rm -f ../RunRules/Simulation/objects/c/CpuStreamCpuCode.d.$$
Mon 07:26: make[1]: Leaving directory `/home/demo/workspace/HelloWorld/CPUCode'
Mon 07:26: make[1]: Entering directory `/home/demo/workspace/HelloWorld/CPUCode'
Mon 07:26: cc -std=gnu99 -g -O3 -Wall -Wextra -I../RunRules/Simulation/include  -I '/opt/maxeler/maxcompiler/include/slic'  -c CpuStreamCpuCode.c -o ../RunRules/Simulation/objects/c/CpuStreamCpuCode.o
Mon 07:26: cc -std=gnu99 -g -O3 -Wall -Wextra -I../RunRules/Simulation/include  -I '/opt/maxeler/maxcompiler/include/slic'  -o ../RunRules/Simulation/binaries/CpuStream ../RunRules/Simulation/objects/maxfiles/slic_CpuStream.o ../RunRules/Simulation/objects/c/CpuStreamCpuCode.o -g -O3  -L '/opt/maxeler/maxcompiler/lib' -lslic -L '/opt/maxeler/maxcompiler/lib/maxeleros-sim/lib' -lmaxeleros -lpthread -lm -lrt 
Mon 07:26: make[1]: Leaving directory `/home/demo/workspace/HelloWorld/CPUCode'
Mon 07:26: Build completed: Mon Apr 25 07:26:39 PDT 2016


Mon 07:26: ########################################## 
Mon 07:26: Running
Mon 07:26: ########################################## 
Mon 07:26: Executing command:
Mon 07:26: '/home/demo/workspace/HelloWorld/RunRules/Simulation/binaries/CpuStream' 
Mon 07:26: Command output:
Mon 07:26: Running on DFE.
Mon 07:26: Result: Hello World
Mon 07:26: Done.
Mon 07:26: Process terminated with exit code 0.
